Using pre-set license
Built from '2020.3/staging' branch; Version is '2020.3.0f1 (c7b5465681fb) revision 13088070'; Using compiler version '192528614'; Build Type 'Release'
OS: 'Windows 10 Home Single Language; OS build 19042.867; Version 2009; 64bit' Language: 'es' Physical Memory: 3182 MB
BatchMode: 1, IsHumanControllingUs: 0, StartBugReporterOnCrash: 0, Is64bit: 1, IsPro: 0

 COMMAND LINE ARGUMENTS:
C:\Users\alane\2020.3.0f1\Editor\Unity.exe
-adb2
-batchMode
-noUpm
-name
AssetImportWorker51
-projectPath
C:/Users/alane/Segundo Round
-logFile
Logs/AssetImportWorker51.log
-srvPort
49673
Successfully changed project path to: C:/Users/alane/Segundo Round
C:/Users/alane/Segundo Round
Using Asset Import Pipeline V2.
Refreshing native plugins compatible for Editor in 570.60 ms, found 1 plugins.
Preloading 0 native plugins for Editor in 0.00 ms.
Initialize engine version: 2020.3.0f1 (c7b5465681fb)
[Subsystems] Discovering subsystems at path C:/Users/alane/2020.3.0f1/Editor/Data/Resources/UnitySubsystems
[Subsystems] Discovering subsystems at path C:/Users/alane/Segundo Round/Assets
GfxDevice: creating device client; threaded=0
Direct3D:
    Version:  Direct3D 11.0 [level 11.1]
    Renderer: AMD Radeon(TM) R4 Graphics (ID=0x98e4)
    Vendor:   
    VRAM:     1591 MB
    Driver:   27.20.1032.2
Initialize mono
Mono path[0] = 'C:/Users/alane/2020.3.0f1/Editor/Data/Managed'
Mono path[1] = 'C:/Users/alane/2020.3.0f1/Editor/Data/MonoBleedingEdge/lib/mono/unityjit'
Mono config path = 'C:/Users/alane/2020.3.0f1/Editor/Data/MonoBleedingEdge/etc'
Using monoOptions --debugger-agent=transport=dt_socket,embedding=1,server=y,suspend=n,address=127.0.0.1:56944
Begin MonoManager ReloadAssembly
Registering precompiled unity dll's ...
Register platform support module: C:/Users/alane/2020.3.0f1/Editor/Data/PlaybackEngines/WebGLSupport/UnityEditor.WebGL.Extensions.dll
Register platform support module: C:/Users/alane/2020.3.0f1/Editor/Data/PlaybackEngines/WindowsStandaloneSupport/UnityEditor.WindowsStandalone.Extensions.dll
Register platform support module: C:/Users/alane/2020.3.0f1/Editor/Data/PlaybackEngines/LuminSupport/UnityEditor.Lumin.Extensions.dll
Registered in 0.006811 seconds.
Native extension for Lumin target not found
Native extension for WindowsStandalone target not found
Native extension for WebGL target not found
Refreshing native plugins compatible for Editor in 167.92 ms, found 1 plugins.
Preloading 0 native plugins for Editor in 0.00 ms.
Invoked RoslynAnalysisRunner static constructor.
RoslynAnalysisRunner will not be running.
RoslynAnalysisRunner has terminated.
Mono: successfully reloaded assembly
- Completed reload, in  8.883 seconds
Platform modules already initialized, skipping
Registering precompiled user dll's ...
Registered in 0.003005 seconds.
Begin MonoManager ReloadAssembly
Native extension for Lumin target not found
Native extension for WindowsStandalone target not found
Native extension for WebGL target not found
Refreshing native plugins compatible for Editor in 106.11 ms, found 1 plugins.
Preloading 0 native plugins for Editor in 0.00 ms.
Invoked RoslynAnalysisRunner static constructor.
RoslynAnalysisRunner will not be running.
RoslynAnalysisRunner has terminated.
Mono: successfully reloaded assembly
- Completed reload, in  9.234 seconds
Platform modules already initialized, skipping
========================================================================
Worker process is ready to serve import requests
Launched and connected shader compiler UnityShaderCompiler.exe after 0.87 seconds
Refreshing native plugins compatible for Editor in 0.82 ms, found 1 plugins.
Preloading 0 native plugins for Editor in 0.00 ms.
Unloading 1807 Unused Serialized files (Serialized files now loaded: 0)
System memory in use before: 84.6 MB.
System memory in use after: 84.6 MB.

Unloading 24 unused Assets to reduce memory usage. Loaded Objects now: 2249.
Total: 5.987900 ms (FindLiveObjects: 0.556400 ms CreateObjectMapping: 0.214200 ms MarkObjects: 4.775300 ms  DeleteObjects: 0.438100 ms)

========================================================================
Received Import Request.
  path: Assets/Sprites/Spritesheet/sheet.png
  artifactKey: Guid(9ba76922a63c2014a8b3389631b45f19) Importer(815301076,1909f56bfc062723c751e8b465ee728b)
Start importing Assets/Sprites/Spritesheet/sheet.png using Guid(9ba76922a63c2014a8b3389631b45f19) Importer(815301076,1909f56bfc062723c751e8b465ee728b)  -> (artifact id: '3e72e789fee68fd6d31d7d5be687525a') in 4.576248 seconds
  Import took 4.599127 seconds .

========================================================================
Received Import Request.
  Time since last request: 180.583408 seconds.
  path: Assets/Sprites/Spritesheet/sheet.png
  artifactKey: Guid(9ba76922a63c2014a8b3389631b45f19) Importer(815301076,1909f56bfc062723c751e8b465ee728b)
Start importing Assets/Sprites/Spritesheet/sheet.png using Guid(9ba76922a63c2014a8b3389631b45f19) Importer(815301076,1909f56bfc062723c751e8b465ee728b)  -> (artifact id: '7f815e0a8bc9ae79fab020b87afe8608') in 1.015245 seconds
  Import took 1.024037 seconds .

AssetImportWorkerClient::OnTransportError - code=2 error=End of file
