Using pre-set license
Built from '2020.3/staging' branch; Version is '2020.3.0f1 (c7b5465681fb) revision 13088070'; Using compiler version '192528614'; Build Type 'Release'
OS: 'Windows 10 Home Single Language; OS build 19042.1348; Version 2009; 64bit' Language: 'es' Physical Memory: 3182 MB
BatchMode: 1, IsHumanControllingUs: 0, StartBugReporterOnCrash: 0, Is64bit: 1, IsPro: 0

 COMMAND LINE ARGUMENTS:
C:\Users\alane\2020.3.0f1\Editor\Unity.exe
-adb2
-batchMode
-noUpm
-name
AssetImportWorker10
-projectPath
C:/Users/alane/Pruebas APLICANDO PATRONES
-logFile
Logs/AssetImportWorker10.log
-srvPort
58986
Successfully changed project path to: C:/Users/alane/Pruebas APLICANDO PATRONES
C:/Users/alane/Pruebas APLICANDO PATRONES
Using Asset Import Pipeline V2.
Refreshing native plugins compatible for Editor in 312.81 ms, found 1 plugins.
Preloading 0 native plugins for Editor in 0.00 ms.
Initialize engine version: 2020.3.0f1 (c7b5465681fb)
[Subsystems] Discovering subsystems at path C:/Users/alane/2020.3.0f1/Editor/Data/Resources/UnitySubsystems
[Subsystems] Discovering subsystems at path C:/Users/alane/Pruebas APLICANDO PATRONES/Assets
GfxDevice: creating device client; threaded=0
Direct3D:
    Version:  Direct3D 11.0 [level 11.1]
    Renderer: AMD Radeon(TM) R4 Graphics (ID=0x98e4)
    Vendor:   
    VRAM:     1591 MB
    Driver:   27.20.1032.2
Initialize mono
Mono path[0] = 'C:/Users/alane/2020.3.0f1/Editor/Data/Managed'
Mono path[1] = 'C:/Users/alane/2020.3.0f1/Editor/Data/MonoBleedingEdge/lib/mono/unityjit'
Mono config path = 'C:/Users/alane/2020.3.0f1/Editor/Data/MonoBleedingEdge/etc'
Using monoOptions --debugger-agent=transport=dt_socket,embedding=1,server=y,suspend=n,address=127.0.0.1:56636
Begin MonoManager ReloadAssembly
Registering precompiled unity dll's ...
Register platform support module: C:/Users/alane/2020.3.0f1/Editor/Data/PlaybackEngines/WebGLSupport/UnityEditor.WebGL.Extensions.dll
Register platform support module: C:/Users/alane/2020.3.0f1/Editor/Data/PlaybackEngines/WindowsStandaloneSupport/UnityEditor.WindowsStandalone.Extensions.dll
Register platform support module: C:/Users/alane/2020.3.0f1/Editor/Data/PlaybackEngines/LuminSupport/UnityEditor.Lumin.Extensions.dll
Registered in 0.006909 seconds.
Native extension for Lumin target not found
Native extension for WindowsStandalone target not found
Native extension for WebGL target not found
Refreshing native plugins compatible for Editor in 108.63 ms, found 1 plugins.
Preloading 0 native plugins for Editor in 0.00 ms.
Invoked RoslynAnalysisRunner static constructor.
RoslynAnalysisRunner will not be running.
RoslynAnalysisRunner has terminated.
Mono: successfully reloaded assembly
- Completed reload, in 12.473 seconds
Platform modules already initialized, skipping
Registering precompiled user dll's ...
Registered in 0.002204 seconds.
Begin MonoManager ReloadAssembly
Native extension for Lumin target not found
Native extension for WindowsStandalone target not found
Native extension for WebGL target not found
Refreshing native plugins compatible for Editor in 88.37 ms, found 1 plugins.
Preloading 0 native plugins for Editor in 0.00 ms.
Invoked RoslynAnalysisRunner static constructor.
RoslynAnalysisRunner will not be running.
RoslynAnalysisRunner has terminated.
Mono: successfully reloaded assembly
- Completed reload, in  5.985 seconds
Platform modules already initialized, skipping
========================================================================
Worker process is ready to serve import requests
Launched and connected shader compiler UnityShaderCompiler.exe after 1.23 seconds
Refreshing native plugins compatible for Editor in 1.08 ms, found 1 plugins.
Preloading 0 native plugins for Editor in 0.00 ms.
Unloading 1809 Unused Serialized files (Serialized files now loaded: 0)
System memory in use before: 84.8 MB.
System memory in use after: 84.7 MB.

Unloading 24 unused Assets to reduce memory usage. Loaded Objects now: 2252.
Total: 49.967700 ms (FindLiveObjects: 2.967800 ms CreateObjectMapping: 0.222500 ms MarkObjects: 43.584600 ms  DeleteObjects: 3.170100 ms)

========================================================================
Received Import Request.
  path: Assets/Prefabs/Weapons
  artifactKey: Guid(5399a5f1438f23842950d07cc1924424) Importer(815301076,1909f56bfc062723c751e8b465ee728b)
Start importing Assets/Prefabs/Weapons using Guid(5399a5f1438f23842950d07cc1924424) Importer(815301076,1909f56bfc062723c751e8b465ee728b)  -> (artifact id: '86a17d3d8630d60ea1d4f1259b793769') in 0.417973 seconds
  Import took 0.454434 seconds .

========================================================================
Received Import Request.
  Time since last request: 0.015568 seconds.
  path: Assets/Prefabs/Items/Item Rectangle Weapon.prefab
  artifactKey: Guid(5070994ea0541ce49837397909248f56) Importer(815301076,1909f56bfc062723c751e8b465ee728b)
Start importing Assets/Prefabs/Items/Item Rectangle Weapon.prefab using Guid(5070994ea0541ce49837397909248f56) Importer(815301076,1909f56bfc062723c751e8b465ee728b)  -> (artifact id: 'a3b11fbda415754293327423d6311890') in 0.735609 seconds
  Import took 0.744920 seconds .

========================================================================
Received Import Request.
  Time since last request: 0.000881 seconds.
  path: Assets/Prefabs/Weapons/Diamond Weapon.prefab
  artifactKey: Guid(bab46fd27d2438a4aab3363e724f6deb) Importer(815301076,1909f56bfc062723c751e8b465ee728b)
Start importing Assets/Prefabs/Weapons/Diamond Weapon.prefab using Guid(bab46fd27d2438a4aab3363e724f6deb) Importer(815301076,1909f56bfc062723c751e8b465ee728b)  -> (artifact id: 'cbb0c56dbaba86d430488fcf9dc95225') in 0.209042 seconds
  Import took 0.263356 seconds .

========================================================================
Received Import Request.
  Time since last request: 6.226957 seconds.
  path: Assets/Prefabs/Weapons/Square Weapon.prefab
  artifactKey: Guid(e7bdb26bc06078c46ae287c8ca2ef578) Importer(815301076,1909f56bfc062723c751e8b465ee728b)
Start importing Assets/Prefabs/Weapons/Square Weapon.prefab using Guid(e7bdb26bc06078c46ae287c8ca2ef578) Importer(815301076,1909f56bfc062723c751e8b465ee728b)  -> (artifact id: '4490657cf9f32563419bdb0530112786') in 0.019969 seconds
  Import took 0.029140 seconds .

========================================================================
Received Import Request.
  Time since last request: 5.683285 seconds.
  path: Assets/Prefabs/Weapons/Diamond Weapon.prefab
  artifactKey: Guid(bab46fd27d2438a4aab3363e724f6deb) Importer(815301076,1909f56bfc062723c751e8b465ee728b)
Start importing Assets/Prefabs/Weapons/Diamond Weapon.prefab using Guid(bab46fd27d2438a4aab3363e724f6deb) Importer(815301076,1909f56bfc062723c751e8b465ee728b)  -> (artifact id: 'fa63c02bbdbad6a937d28c25e6c20524') in 0.035209 seconds
  Import took 0.117996 seconds .

========================================================================
Received Import Request.
  Time since last request: 1.860701 seconds.
  path: Assets/Prefabs/Weapons/Square Weapon.prefab
  artifactKey: Guid(e7bdb26bc06078c46ae287c8ca2ef578) Importer(815301076,1909f56bfc062723c751e8b465ee728b)
Start importing Assets/Prefabs/Weapons/Square Weapon.prefab using Guid(e7bdb26bc06078c46ae287c8ca2ef578) Importer(815301076,1909f56bfc062723c751e8b465ee728b)  -> (artifact id: '237eaedb262a883d624629f9cef0e7bb') in 0.068386 seconds
  Import took 0.088625 seconds .

========================================================================
Received Import Request.
  Time since last request: 2.362276 seconds.
  path: Assets/Prefabs/Weapons/Rectangle Weapon.prefab
  artifactKey: Guid(4ea8e032ea290f349bcfe98d6a449e5f) Importer(815301076,1909f56bfc062723c751e8b465ee728b)
Start importing Assets/Prefabs/Weapons/Rectangle Weapon.prefab using Guid(4ea8e032ea290f349bcfe98d6a449e5f) Importer(815301076,1909f56bfc062723c751e8b465ee728b)  -> (artifact id: '6744906ff67d1f65cd57a87ab6f6f2ee') in 0.039154 seconds
  Import took 0.060811 seconds .

========================================================================
Received Import Request.
  Time since last request: 16.114822 seconds.
  path: Assets/Scripts/WeaponManager.cs
  artifactKey: Guid(2f5b0f120a9734640be3941e5058b750) Importer(815301076,1909f56bfc062723c751e8b465ee728b)
Start importing Assets/Scripts/WeaponManager.cs using Guid(2f5b0f120a9734640be3941e5058b750) Importer(815301076,1909f56bfc062723c751e8b465ee728b)  -> (artifact id: '7eea989d49df83c6208493bd9cf779f5') in 0.186792 seconds
  Import took 0.201590 seconds .

========================================================================
Received Import Request.
  Time since last request: 0.193434 seconds.
  path: Assets/Scripts/MeleeWeapon.cs
  artifactKey: Guid(460db242c17aa25498d6425d8488b7a3) Importer(815301076,1909f56bfc062723c751e8b465ee728b)
Start importing Assets/Scripts/MeleeWeapon.cs using Guid(460db242c17aa25498d6425d8488b7a3) Importer(815301076,1909f56bfc062723c751e8b465ee728b)  -> (artifact id: 'b300238a0a939becb389340cc811d90f') in 0.043847 seconds
  Import took 0.065854 seconds .

========================================================================
Received Import Request.
  Time since last request: 12.256769 seconds.
  path: Assets/Scripts/Weapon.cs
  artifactKey: Guid(59bf0cfa7abbcd14b93567d097fbc37a) Importer(815301076,1909f56bfc062723c751e8b465ee728b)
Start importing Assets/Scripts/Weapon.cs using Guid(59bf0cfa7abbcd14b93567d097fbc37a) Importer(815301076,1909f56bfc062723c751e8b465ee728b)  -> (artifact id: '4680c2c451118aa62c5e9fbd413641b1') in 0.769699 seconds
  Import took 0.881504 seconds .

========================================================================
Received Import Request.
  Time since last request: 14.743954 seconds.
  path: Assets/Scripts/Weapon.cs
  artifactKey: Guid(59bf0cfa7abbcd14b93567d097fbc37a) Importer(815301076,1909f56bfc062723c751e8b465ee728b)
Start importing Assets/Scripts/Weapon.cs using Guid(59bf0cfa7abbcd14b93567d097fbc37a) Importer(815301076,1909f56bfc062723c751e8b465ee728b)  -> (artifact id: '4680c2c451118aa62c5e9fbd413641b1') in 0.041705 seconds
  Import took 0.360858 seconds .

========================================================================
Received Import Request.
  Time since last request: 34.701771 seconds.
  path: Assets/Scripts
  artifactKey: Guid(8aca1a869442d6a4cb3131f691c677cc) Importer(815301076,1909f56bfc062723c751e8b465ee728b)
Start importing Assets/Scripts using Guid(8aca1a869442d6a4cb3131f691c677cc) Importer(815301076,1909f56bfc062723c751e8b465ee728b)  -> (artifact id: '7fac3646701bb48f13873a6443100afc') in 0.038183 seconds
  Import took 0.054926 seconds .

========================================================================
Received Import Request.
  Time since last request: 15.690459 seconds.
  path: Assets/Scripts/Factory&Pooling
  artifactKey: Guid(630dc07bc348b9a40a2228163c16fafe) Importer(815301076,1909f56bfc062723c751e8b465ee728b)
Start importing Assets/Scripts/Factory&Pooling using Guid(630dc07bc348b9a40a2228163c16fafe) Importer(815301076,1909f56bfc062723c751e8b465ee728b)  -> (artifact id: '0285b3bafc7055cc56a7e126cf27d0ee') in 0.083633 seconds
  Import took 0.174877 seconds .

========================================================================
Received Import Request.
  Time since last request: 61.158058 seconds.
  path: Assets/Scenes/SampleScene.unity
  artifactKey: Guid(2cda990e2423bbf4892e6590ba056729) Importer(815301076,1909f56bfc062723c751e8b465ee728b)
Start importing Assets/Scenes/SampleScene.unity using Guid(2cda990e2423bbf4892e6590ba056729) Importer(815301076,1909f56bfc062723c751e8b465ee728b)  -> (artifact id: '4277dab6a28e8e1d23739f05f438b540') in 0.039928 seconds
  Import took 0.093019 seconds .

========================================================================
Received Import Request.
  Time since last request: 1.272782 seconds.
  path: Assets/Scenes/SampleScene.unity
  artifactKey: Guid(2cda990e2423bbf4892e6590ba056729) Importer(815301076,1909f56bfc062723c751e8b465ee728b)
Start importing Assets/Scenes/SampleScene.unity using Guid(2cda990e2423bbf4892e6590ba056729) Importer(815301076,1909f56bfc062723c751e8b465ee728b)  -> (artifact id: '4277dab6a28e8e1d23739f05f438b540') in 0.057203 seconds
  Import took 0.066837 seconds .

========================================================================
Received Import Request.
  Time since last request: 7.877932 seconds.
  path: Assets/Scenes/Factory&Pooling.unity
  artifactKey: Guid(2cda990e2423bbf4892e6590ba056729) Importer(815301076,1909f56bfc062723c751e8b465ee728b)
Start importing Assets/Scenes/Factory&Pooling.unity using Guid(2cda990e2423bbf4892e6590ba056729) Importer(815301076,1909f56bfc062723c751e8b465ee728b)  -> (artifact id: 'b07c681c07d922c9ea62c335f94e386d') in 0.070477 seconds
  Import took 0.113390 seconds .

========================================================================
Received Import Request.
  Time since last request: 3.214285 seconds.
  path: Assets/Sprites/IsometricDiamond.png
  artifactKey: Guid(916f906173d0a5d4eb8a0c1f19abb01e) Importer(815301076,1909f56bfc062723c751e8b465ee728b)
Start importing Assets/Sprites/IsometricDiamond.png using Guid(916f906173d0a5d4eb8a0c1f19abb01e) Importer(815301076,1909f56bfc062723c751e8b465ee728b)  -> (artifact id: '2d25326e6493d9c71df950ea33473bf8') in 1.075352 seconds
  Import took 1.117926 seconds .

========================================================================
Received Import Request.
  Time since last request: 0.000638 seconds.
  path: Assets/Sprites/Capsule.png
  artifactKey: Guid(426e0689ea2d60941b8feb5f72307c57) Importer(815301076,1909f56bfc062723c751e8b465ee728b)
Start importing Assets/Sprites/Capsule.png using Guid(426e0689ea2d60941b8feb5f72307c57) Importer(815301076,1909f56bfc062723c751e8b465ee728b)  -> (artifact id: 'df69cf2e71d0b3f68e74de712c3837e2') in 0.104794 seconds
  Import took 0.134496 seconds .

========================================================================
Received Import Request.
  Time since last request: 13.032453 seconds.
  path: Assets/Sprites/Square 1.png
  artifactKey: Guid(54e024b896417ff47aee226098b4bce8) Importer(815301076,1909f56bfc062723c751e8b465ee728b)
Start importing Assets/Sprites/Square 1.png using Guid(54e024b896417ff47aee226098b4bce8) Importer(815301076,1909f56bfc062723c751e8b465ee728b)  -> (artifact id: 'f16ab32c7982eb059e6d7adf410b4dc9') in 1.718875 seconds
  Import took 1.734803 seconds .

========================================================================
Received Import Request.
  Time since last request: 0.012991 seconds.
  path: Assets/Sprites/Square 1.png
  artifactKey: Guid(54e024b896417ff47aee226098b4bce8) Importer(815301076,1909f56bfc062723c751e8b465ee728b)
Start importing Assets/Sprites/Square 1.png using Guid(54e024b896417ff47aee226098b4bce8) Importer(815301076,1909f56bfc062723c751e8b465ee728b)  -> (artifact id: 'f16ab32c7982eb059e6d7adf410b4dc9') in 0.127976 seconds
  Import took 0.158754 seconds .

========================================================================
Received Import Request.
  Time since last request: 8.620733 seconds.
  path: Assets/Prefabs/Items
  artifactKey: Guid(4679e02070c19d345beefafabe89b711) Importer(815301076,1909f56bfc062723c751e8b465ee728b)
Start importing Assets/Prefabs/Items using Guid(4679e02070c19d345beefafabe89b711) Importer(815301076,1909f56bfc062723c751e8b465ee728b)  -> (artifact id: '6cff8fc655cd8b445bc83e8d15f8ba98') in 0.057946 seconds
  Import took 0.080570 seconds .

========================================================================
Received Import Request.
  Time since last request: 3.434027 seconds.
  path: Assets/Prefabs/Items/Full Diamond Box .prefab
  artifactKey: Guid(898905640b23ac84ba5ac5d50af04705) Importer(815301076,1909f56bfc062723c751e8b465ee728b)
Start importing Assets/Prefabs/Items/Full Diamond Box .prefab using Guid(898905640b23ac84ba5ac5d50af04705) Importer(815301076,1909f56bfc062723c751e8b465ee728b)  -> (artifact id: 'd289c52528e2f733d4eb13195d913efa') in 0.283500 seconds
  Import took 0.292047 seconds .

========================================================================
Received Import Request.
  Time since last request: 1.252771 seconds.
  path: Assets/Prefabs/Items/Full Rectangle Box.prefab
  artifactKey: Guid(cadef9f945c43314a804f5dacf187d9f) Importer(815301076,1909f56bfc062723c751e8b465ee728b)
Start importing Assets/Prefabs/Items/Full Rectangle Box.prefab using Guid(cadef9f945c43314a804f5dacf187d9f) Importer(815301076,1909f56bfc062723c751e8b465ee728b)  -> (artifact id: 'b9fd90f7e3888cfd1f409736041e401e') in 0.130048 seconds
  Import took 0.170254 seconds .

========================================================================
Received Import Request.
  Time since last request: 47.750360 seconds.
  path: Assets/Scripts/PlayerController.cs
  artifactKey: Guid(5241b60df10903947ad7025e1567dafd) Importer(815301076,1909f56bfc062723c751e8b465ee728b)
Start importing Assets/Scripts/PlayerController.cs using Guid(5241b60df10903947ad7025e1567dafd) Importer(815301076,1909f56bfc062723c751e8b465ee728b)  -> (artifact id: 'a17ba91fa1251d1c22334c3774cd432c') in 0.047275 seconds
  Import took 0.068914 seconds .

========================================================================
Received Import Request.
  Time since last request: 2.275499 seconds.
  path: Assets/Scripts/AngleBetweenPoints.cs
  artifactKey: Guid(6328f1ac27f589c4f9a5d68bbf53236f) Importer(815301076,1909f56bfc062723c751e8b465ee728b)
Start importing Assets/Scripts/AngleBetweenPoints.cs using Guid(6328f1ac27f589c4f9a5d68bbf53236f) Importer(815301076,1909f56bfc062723c751e8b465ee728b)  -> (artifact id: '23b1d39bb7fe3166b5b418527804f326') in 0.034095 seconds
  Import took 0.041035 seconds .

========================================================================
Received Import Request.
  Time since last request: 102.868660 seconds.
  path: Assets/Prefabs/Items/Item Diamond Weapon.prefab
  artifactKey: Guid(f51cb6a09b0a01b4799fc1413bbb2f55) Importer(815301076,1909f56bfc062723c751e8b465ee728b)
Start importing Assets/Prefabs/Items/Item Diamond Weapon.prefab using Guid(f51cb6a09b0a01b4799fc1413bbb2f55) Importer(815301076,1909f56bfc062723c751e8b465ee728b)  -> (artifact id: '4e3621944a6197f92bd3d2542f04a4e0') in 0.265379 seconds
  Import took 0.340532 seconds .

========================================================================
Received Import Request.
  Time since last request: 53.892293 seconds.
  path: Assets/Scripts/Health.cs
  artifactKey: Guid(2a1662482ef1f32459ff2992cfb72d7c) Importer(815301076,1909f56bfc062723c751e8b465ee728b)
Start importing Assets/Scripts/Health.cs using Guid(2a1662482ef1f32459ff2992cfb72d7c) Importer(815301076,1909f56bfc062723c751e8b465ee728b)  -> (artifact id: '7bbace21251ded44cc1800b7756bd08e') in 0.027341 seconds
  Import took 0.066283 seconds .

========================================================================
Received Prepare
Registering precompiled user dll's ...
Registered in 0.022543 seconds.
Begin MonoManager ReloadAssembly
Native extension for Lumin target not found
Native extension for WindowsStandalone target not found
Native extension for WebGL target not found
Refreshing native plugins compatible for Editor in 0.88 ms, found 1 plugins.
Preloading 0 native plugins for Editor in 0.00 ms.
Invoked RoslynAnalysisRunner static constructor.
RoslynAnalysisRunner will not be running.
RoslynAnalysisRunner has terminated.
Mono: successfully reloaded assembly
- Completed reload, in  2.281 seconds
Platform modules already initialized, skipping
Refreshing native plugins compatible for Editor in 0.96 ms, found 1 plugins.
Preloading 0 native plugins for Editor in 0.00 ms.
Unloading 1801 Unused Serialized files (Serialized files now loaded: 0)
System memory in use before: 87.8 MB.
System memory in use after: 87.8 MB.

Unloading 15 unused Assets to reduce memory usage. Loaded Objects now: 2266.
Total: 5.635700 ms (FindLiveObjects: 0.882800 ms CreateObjectMapping: 0.323600 ms MarkObjects: 4.169700 ms  DeleteObjects: 0.255500 ms)

========================================================================
Received Import Request.
  Time since last request: 227.625513 seconds.
  path: Assets/Scripts/Factory&Pooling/WeaponItems.cs
  artifactKey: Guid(bbabe1e871287c2468f765060400925f) Importer(815301076,1909f56bfc062723c751e8b465ee728b)
Start importing Assets/Scripts/Factory&Pooling/WeaponItems.cs using Guid(bbabe1e871287c2468f765060400925f) Importer(815301076,1909f56bfc062723c751e8b465ee728b)  -> (artifact id: '749075eeb736b701aae51d14b4567718') in 0.061843 seconds
  Import took 0.110706 seconds .

========================================================================
Received Import Request.
  Time since last request: 0.219032 seconds.
  path: Assets/Scripts/Factory&Pooling/WeaponItems.cs
  artifactKey: Guid(bbabe1e871287c2468f765060400925f) Importer(815301076,1909f56bfc062723c751e8b465ee728b)
Start importing Assets/Scripts/Factory&Pooling/WeaponItems.cs using Guid(bbabe1e871287c2468f765060400925f) Importer(815301076,1909f56bfc062723c751e8b465ee728b)  -> (artifact id: '749075eeb736b701aae51d14b4567718') in 0.032252 seconds
  Import took 0.053702 seconds .

========================================================================
Received Prepare
Registering precompiled user dll's ...
Registered in 0.002289 seconds.
Begin MonoManager ReloadAssembly
Native extension for Lumin target not found
Native extension for WindowsStandalone target not found
Native extension for WebGL target not found
Refreshing native plugins compatible for Editor in 0.91 ms, found 1 plugins.
Preloading 0 native plugins for Editor in 0.00 ms.
Invoked RoslynAnalysisRunner static constructor.
RoslynAnalysisRunner will not be running.
RoslynAnalysisRunner has terminated.
Mono: successfully reloaded assembly
- Completed reload, in  2.155 seconds
Platform modules already initialized, skipping
Refreshing native plugins compatible for Editor in 0.75 ms, found 1 plugins.
Preloading 0 native plugins for Editor in 0.00 ms.
Unloading 1802 Unused Serialized files (Serialized files now loaded: 0)
System memory in use before: 87.9 MB.
System memory in use after: 87.9 MB.

Unloading 12 unused Assets to reduce memory usage. Loaded Objects now: 2271.
Total: 5.264200 ms (FindLiveObjects: 0.841300 ms CreateObjectMapping: 0.240700 ms MarkObjects: 3.933500 ms  DeleteObjects: 0.245700 ms)

========================================================================
Received Prepare
Registering precompiled user dll's ...
Registered in 0.002601 seconds.
Begin MonoManager ReloadAssembly
Native extension for Lumin target not found
Native extension for WindowsStandalone target not found
Native extension for WebGL target not found
Refreshing native plugins compatible for Editor in 0.79 ms, found 1 plugins.
Preloading 0 native plugins for Editor in 0.00 ms.
Invoked RoslynAnalysisRunner static constructor.
RoslynAnalysisRunner will not be running.
RoslynAnalysisRunner has terminated.
Mono: successfully reloaded assembly
- Completed reload, in  2.650 seconds
Platform modules already initialized, skipping
Refreshing native plugins compatible for Editor in 0.77 ms, found 1 plugins.
Preloading 0 native plugins for Editor in 0.00 ms.
Unloading 1801 Unused Serialized files (Serialized files now loaded: 0)
System memory in use before: 87.9 MB.
System memory in use after: 87.9 MB.

Unloading 13 unused Assets to reduce memory usage. Loaded Objects now: 2274.
Total: 10.257300 ms (FindLiveObjects: 1.681900 ms CreateObjectMapping: 0.396800 ms MarkObjects: 7.917100 ms  DeleteObjects: 0.257900 ms)

========================================================================
Received Import Request.
  Time since last request: 65.486831 seconds.
  path: Assets/Scripts/Factory&Pooling/Item.cs
  artifactKey: Guid(fe8312d34aba73247ae5ec8764554789) Importer(815301076,1909f56bfc062723c751e8b465ee728b)
Start importing Assets/Scripts/Factory&Pooling/Item.cs using Guid(fe8312d34aba73247ae5ec8764554789) Importer(815301076,1909f56bfc062723c751e8b465ee728b)  -> (artifact id: '67274f491cf454a2d570f33a17f7e680') in 0.096851 seconds
  Import took 0.107310 seconds .

========================================================================
Received Prepare
Registering precompiled user dll's ...
Registered in 0.002407 seconds.
Begin MonoManager ReloadAssembly
Native extension for Lumin target not found
Native extension for WindowsStandalone target not found
Native extension for WebGL target not found
Refreshing native plugins compatible for Editor in 0.78 ms, found 1 plugins.
Preloading 0 native plugins for Editor in 0.00 ms.
Invoked RoslynAnalysisRunner static constructor.
RoslynAnalysisRunner will not be running.
RoslynAnalysisRunner has terminated.
Mono: successfully reloaded assembly
- Completed reload, in  5.064 seconds
Platform modules already initialized, skipping
Refreshing native plugins compatible for Editor in 0.86 ms, found 1 plugins.
Preloading 0 native plugins for Editor in 0.00 ms.
Unloading 1802 Unused Serialized files (Serialized files now loaded: 0)
System memory in use before: 87.9 MB.
System memory in use after: 87.9 MB.

Unloading 12 unused Assets to reduce memory usage. Loaded Objects now: 2279.
Total: 8.652800 ms (FindLiveObjects: 3.284900 ms CreateObjectMapping: 0.833400 ms MarkObjects: 4.226700 ms  DeleteObjects: 0.304100 ms)

========================================================================
Received Prepare
Registering precompiled user dll's ...
Registered in 0.040648 seconds.
Begin MonoManager ReloadAssembly
Native extension for Lumin target not found
Native extension for WindowsStandalone target not found
Native extension for WebGL target not found
Refreshing native plugins compatible for Editor in 0.79 ms, found 1 plugins.
Preloading 0 native plugins for Editor in 0.00 ms.
Invoked RoslynAnalysisRunner static constructor.
RoslynAnalysisRunner will not be running.
RoslynAnalysisRunner has terminated.
Mono: successfully reloaded assembly
- Completed reload, in 15.495 seconds
Platform modules already initialized, skipping
Refreshing native plugins compatible for Editor in 0.85 ms, found 1 plugins.
Preloading 0 native plugins for Editor in 0.00 ms.
Unloading 1802 Unused Serialized files (Serialized files now loaded: 0)
System memory in use before: 87.9 MB.
System memory in use after: 87.9 MB.

Unloading 12 unused Assets to reduce memory usage. Loaded Objects now: 2283.
Total: 5.305600 ms (FindLiveObjects: 0.649300 ms CreateObjectMapping: 0.266300 ms MarkObjects: 4.074500 ms  DeleteObjects: 0.311200 ms)

========================================================================
Received Import Request.
  Time since last request: 254.603496 seconds.
  path: Assets/Scripts/Factory&Pooling/Item.cs
  artifactKey: Guid(fe8312d34aba73247ae5ec8764554789) Importer(815301076,1909f56bfc062723c751e8b465ee728b)
Start importing Assets/Scripts/Factory&Pooling/Item.cs using Guid(fe8312d34aba73247ae5ec8764554789) Importer(815301076,1909f56bfc062723c751e8b465ee728b)  -> (artifact id: '880fc6d99731861cfd4eb65cda7c6f05') in 0.082122 seconds
  Import took 0.109838 seconds .

========================================================================
Received Import Request.
  Time since last request: 230.236008 seconds.
  path: Assets/Scripts/Factory&Pooling/WeaponItem.cs
  artifactKey: Guid(3be26268939114d4695befb7b7299219) Importer(815301076,1909f56bfc062723c751e8b465ee728b)
Start importing Assets/Scripts/Factory&Pooling/WeaponItem.cs using Guid(3be26268939114d4695befb7b7299219) Importer(815301076,1909f56bfc062723c751e8b465ee728b)  -> (artifact id: '1faae3bb20fd77e19260ffa8486f8e8d') in 0.187818 seconds
  Import took 0.313811 seconds .

========================================================================
Received Import Request.
  Time since last request: 0.344656 seconds.
  path: Assets/Scripts/Factory&Pooling/WeaponItem.cs
  artifactKey: Guid(3be26268939114d4695befb7b7299219) Importer(815301076,1909f56bfc062723c751e8b465ee728b)
Start importing Assets/Scripts/Factory&Pooling/WeaponItem.cs using Guid(3be26268939114d4695befb7b7299219) Importer(815301076,1909f56bfc062723c751e8b465ee728b)  -> (artifact id: '1faae3bb20fd77e19260ffa8486f8e8d') in 0.011908 seconds
  Import took 0.149742 seconds .

========================================================================
Received Prepare
Registering precompiled user dll's ...
Registered in 0.027392 seconds.
Begin MonoManager ReloadAssembly
Native extension for Lumin target not found
Native extension for WindowsStandalone target not found
Native extension for WebGL target not found
Refreshing native plugins compatible for Editor in 1.02 ms, found 1 plugins.
Preloading 0 native plugins for Editor in 0.00 ms.
Invoked RoslynAnalysisRunner static constructor.
RoslynAnalysisRunner will not be running.
RoslynAnalysisRunner has terminated.
Mono: successfully reloaded assembly
- Completed reload, in  2.459 seconds
Platform modules already initialized, skipping
Refreshing native plugins compatible for Editor in 1.04 ms, found 1 plugins.
Preloading 0 native plugins for Editor in 0.00 ms.
Unloading 1803 Unused Serialized files (Serialized files now loaded: 0)
System memory in use before: 88.0 MB.
System memory in use after: 88.0 MB.

Unloading 12 unused Assets to reduce memory usage. Loaded Objects now: 2288.
Total: 256.033500 ms (FindLiveObjects: 26.259100 ms CreateObjectMapping: 0.276300 ms MarkObjects: 192.078100 ms  DeleteObjects: 37.414400 ms)

========================================================================
Received Import Request.
  Time since last request: 197.716798 seconds.
  path: Assets/Scripts/Factory&Pooling/ItemFactory.cs
  artifactKey: Guid(46e8483afdac4274e8eef394a13faf0a) Importer(815301076,1909f56bfc062723c751e8b465ee728b)
Start importing Assets/Scripts/Factory&Pooling/ItemFactory.cs using Guid(46e8483afdac4274e8eef394a13faf0a) Importer(815301076,1909f56bfc062723c751e8b465ee728b)  -> (artifact id: 'a884ad3afd63f747a644c8898dd213ee') in 0.087816 seconds
  Import took 0.180691 seconds .

========================================================================
Received Prepare
Registering precompiled user dll's ...
Registered in 0.002385 seconds.
Begin MonoManager ReloadAssembly
Native extension for Lumin target not found
Native extension for WindowsStandalone target not found
Native extension for WebGL target not found
Refreshing native plugins compatible for Editor in 0.91 ms, found 1 plugins.
Preloading 0 native plugins for Editor in 0.00 ms.
Invoked RoslynAnalysisRunner static constructor.
RoslynAnalysisRunner will not be running.
RoslynAnalysisRunner has terminated.
Mono: successfully reloaded assembly
- Completed reload, in  3.019 seconds
Platform modules already initialized, skipping
Refreshing native plugins compatible for Editor in 0.86 ms, found 1 plugins.
Preloading 0 native plugins for Editor in 0.00 ms.
Unloading 1804 Unused Serialized files (Serialized files now loaded: 0)
System memory in use before: 88.0 MB.
System memory in use after: 88.0 MB.

Unloading 12 unused Assets to reduce memory usage. Loaded Objects now: 2293.
Total: 5.641600 ms (FindLiveObjects: 0.503900 ms CreateObjectMapping: 0.195500 ms MarkObjects: 4.645600 ms  DeleteObjects: 0.292000 ms)

========================================================================
Received Import Request.
  Time since last request: 18.008703 seconds.
  path: Assets/Scripts/Factory&Pooling/ItemSpawner.cs
  artifactKey: Guid(b2f4b950c34d3b44b9b9d9938a302b69) Importer(815301076,1909f56bfc062723c751e8b465ee728b)
Start importing Assets/Scripts/Factory&Pooling/ItemSpawner.cs using Guid(b2f4b950c34d3b44b9b9d9938a302b69) Importer(815301076,1909f56bfc062723c751e8b465ee728b)  -> (artifact id: 'd07932e262292b2bdfe60defaea12927') in 0.061269 seconds
  Import took 0.077760 seconds .

========================================================================
Received Import Request.
  Time since last request: 0.231848 seconds.
  path: Assets/Scripts/Factory&Pooling/ItemSpawner.cs
  artifactKey: Guid(b2f4b950c34d3b44b9b9d9938a302b69) Importer(815301076,1909f56bfc062723c751e8b465ee728b)
Start importing Assets/Scripts/Factory&Pooling/ItemSpawner.cs using Guid(b2f4b950c34d3b44b9b9d9938a302b69) Importer(815301076,1909f56bfc062723c751e8b465ee728b)  -> (artifact id: 'd07932e262292b2bdfe60defaea12927') in 0.108590 seconds
  Import took 0.143736 seconds .

========================================================================
Received Prepare
Registering precompiled user dll's ...
Registered in 0.003513 seconds.
Begin MonoManager ReloadAssembly
Native extension for Lumin target not found
Native extension for WindowsStandalone target not found
Native extension for WebGL target not found
Refreshing native plugins compatible for Editor in 0.85 ms, found 1 plugins.
Preloading 0 native plugins for Editor in 0.00 ms.
Invoked RoslynAnalysisRunner static constructor.
RoslynAnalysisRunner will not be running.
RoslynAnalysisRunner has terminated.
Mono: successfully reloaded assembly
- Completed reload, in  4.377 seconds
Platform modules already initialized, skipping
Refreshing native plugins compatible for Editor in 0.76 ms, found 1 plugins.
Preloading 0 native plugins for Editor in 0.00 ms.
Unloading 1805 Unused Serialized files (Serialized files now loaded: 0)
System memory in use before: 88.0 MB.
System memory in use after: 88.0 MB.

Unloading 12 unused Assets to reduce memory usage. Loaded Objects now: 2298.
Total: 22.028800 ms (FindLiveObjects: 1.728500 ms CreateObjectMapping: 0.451800 ms MarkObjects: 19.196900 ms  DeleteObjects: 0.647200 ms)

========================================================================
Received Import Request.
  Time since last request: 19.590271 seconds.
  path: Assets/Prefabs/Items/Item Square Weapon.prefab
  artifactKey: Guid(f7e08510ac6dfa84a82bc35a4c566915) Importer(815301076,1909f56bfc062723c751e8b465ee728b)
Start importing Assets/Prefabs/Items/Item Square Weapon.prefab using Guid(f7e08510ac6dfa84a82bc35a4c566915) Importer(815301076,1909f56bfc062723c751e8b465ee728b)  -> (artifact id: 'a5a9ebae30ef4de0afc9252b137ff13e') in 1.816064 seconds
  Import took 1.868078 seconds .

========================================================================
Received Prepare
Registering precompiled user dll's ...
Registered in 0.022159 seconds.
Begin MonoManager ReloadAssembly
Native extension for Lumin target not found
Native extension for WindowsStandalone target not found
Native extension for WebGL target not found
Refreshing native plugins compatible for Editor in 9.70 ms, found 1 plugins.
Preloading 0 native plugins for Editor in 0.00 ms.
Invoked RoslynAnalysisRunner static constructor.
RoslynAnalysisRunner will not be running.
RoslynAnalysisRunner has terminated.
Mono: successfully reloaded assembly
- Completed reload, in  5.309 seconds
Platform modules already initialized, skipping
Refreshing native plugins compatible for Editor in 0.94 ms, found 1 plugins.
Preloading 0 native plugins for Editor in 0.00 ms.
Unloading 1805 Unused Serialized files (Serialized files now loaded: 0)
System memory in use before: 88.1 MB.
System memory in use after: 88.0 MB.

Unloading 12 unused Assets to reduce memory usage. Loaded Objects now: 2303.
Total: 4.978000 ms (FindLiveObjects: 0.686800 ms CreateObjectMapping: 0.169200 ms MarkObjects: 3.855200 ms  DeleteObjects: 0.263800 ms)

========================================================================
Received Prepare
Registering precompiled user dll's ...
Registered in 0.207820 seconds.
Begin MonoManager ReloadAssembly
Native extension for Lumin target not found
Native extension for WindowsStandalone target not found
Native extension for WebGL target not found
Refreshing native plugins compatible for Editor in 0.96 ms, found 1 plugins.
Preloading 0 native plugins for Editor in 0.00 ms.
Invoked RoslynAnalysisRunner static constructor.
RoslynAnalysisRunner will not be running.
RoslynAnalysisRunner has terminated.
Mono: successfully reloaded assembly
- Completed reload, in  2.579 seconds
Platform modules already initialized, skipping
Refreshing native plugins compatible for Editor in 0.87 ms, found 1 plugins.
Preloading 0 native plugins for Editor in 0.00 ms.
Unloading 1805 Unused Serialized files (Serialized files now loaded: 0)
System memory in use before: 88.1 MB.
System memory in use after: 88.1 MB.

Unloading 12 unused Assets to reduce memory usage. Loaded Objects now: 2307.
Total: 5.375900 ms (FindLiveObjects: 0.779200 ms CreateObjectMapping: 0.241700 ms MarkObjects: 4.083700 ms  DeleteObjects: 0.267100 ms)

========================================================================
Received Prepare
Registering precompiled user dll's ...
Registered in 0.456235 seconds.
Begin MonoManager ReloadAssembly
Native extension for Lumin target not found
Native extension for WindowsStandalone target not found
Native extension for WebGL target not found
Refreshing native plugins compatible for Editor in 1.61 ms, found 1 plugins.
Preloading 0 native plugins for Editor in 0.00 ms.
Invoked RoslynAnalysisRunner static constructor.
RoslynAnalysisRunner will not be running.
RoslynAnalysisRunner has terminated.
Mono: successfully reloaded assembly
- Completed reload, in  3.823 seconds
Platform modules already initialized, skipping
Refreshing native plugins compatible for Editor in 0.92 ms, found 1 plugins.
Preloading 0 native plugins for Editor in 0.00 ms.
Unloading 1805 Unused Serialized files (Serialized files now loaded: 0)
System memory in use before: 88.1 MB.
System memory in use after: 88.1 MB.

Unloading 12 unused Assets to reduce memory usage. Loaded Objects now: 2311.
Total: 37.812900 ms (FindLiveObjects: 0.870100 ms CreateObjectMapping: 0.343000 ms MarkObjects: 34.345500 ms  DeleteObjects: 2.248600 ms)

========================================================================
Received Import Request.
  Time since last request: 1233.103470 seconds.
  path: Assets/Prefabs/Items/Item Diamond Weapon 1.prefab
  artifactKey: Guid(eb7fc5579bbd7fa4ab9ce038321e9f14) Importer(815301076,1909f56bfc062723c751e8b465ee728b)
Start importing Assets/Prefabs/Items/Item Diamond Weapon 1.prefab using Guid(eb7fc5579bbd7fa4ab9ce038321e9f14) Importer(815301076,1909f56bfc062723c751e8b465ee728b)  -> (artifact id: 'c549afda3503a758724a17c137a426f2') in 0.774809 seconds
  Import took 0.911079 seconds .

========================================================================
Received Import Request.
  Time since last request: 17.313818 seconds.
  path: Assets/Prefabs/Items/Item Diamond Weapon.prefab
  artifactKey: Guid(f51cb6a09b0a01b4799fc1413bbb2f55) Importer(815301076,1909f56bfc062723c751e8b465ee728b)
Start importing Assets/Prefabs/Items/Item Diamond Weapon.prefab using Guid(f51cb6a09b0a01b4799fc1413bbb2f55) Importer(815301076,1909f56bfc062723c751e8b465ee728b)  -> (artifact id: '7cd4987a4e3ba0262a3a49bea2994f5f') in 0.160069 seconds
  Import took 0.182726 seconds .

========================================================================
Received Import Request.
  Time since last request: 0.385464 seconds.
  path: Assets/Prefabs/Items/Item Square Weapon.prefab
  artifactKey: Guid(f7e08510ac6dfa84a82bc35a4c566915) Importer(815301076,1909f56bfc062723c751e8b465ee728b)
Start importing Assets/Prefabs/Items/Item Square Weapon.prefab using Guid(f7e08510ac6dfa84a82bc35a4c566915) Importer(815301076,1909f56bfc062723c751e8b465ee728b)  -> (artifact id: '970eb8fca406e0e9cd8e0becdfdd256d') in 0.105660 seconds
  Import took 0.136710 seconds .

========================================================================
Received Import Request.
  Time since last request: 1.819844 seconds.
  path: Assets/Prefabs/Items/Item Diamond Weapon 1.prefab
  artifactKey: Guid(66e9030ce2b9a2b4da882d72d8474499) Importer(815301076,1909f56bfc062723c751e8b465ee728b)
Start importing Assets/Prefabs/Items/Item Diamond Weapon 1.prefab using Guid(66e9030ce2b9a2b4da882d72d8474499) Importer(815301076,1909f56bfc062723c751e8b465ee728b)  -> (artifact id: '33d4718f803ba49b1f028527f7924240') in 0.066494 seconds
  Import took 0.080602 seconds .

========================================================================
Received Import Request.
  Time since last request: 19.867470 seconds.
  path: Assets/Prefabs/Items/Item Wood Shield.prefab
  artifactKey: Guid(66e9030ce2b9a2b4da882d72d8474499) Importer(815301076,1909f56bfc062723c751e8b465ee728b)
Start importing Assets/Prefabs/Items/Item Wood Shield.prefab using Guid(66e9030ce2b9a2b4da882d72d8474499) Importer(815301076,1909f56bfc062723c751e8b465ee728b)  -> (artifact id: 'f4b186493be97959a202d536fede5f3b') in 0.197053 seconds
  Import took 0.233875 seconds .

========================================================================
Received Import Request.
  Time since last request: 9.073108 seconds.
  path: Assets/Prefabs/Items/Item Wood Shield.prefab
  artifactKey: Guid(66e9030ce2b9a2b4da882d72d8474499) Importer(815301076,1909f56bfc062723c751e8b465ee728b)
Start importing Assets/Prefabs/Items/Item Wood Shield.prefab using Guid(66e9030ce2b9a2b4da882d72d8474499) Importer(815301076,1909f56bfc062723c751e8b465ee728b)  -> (artifact id: 'b3da33020446e7528d44d065e7a22e69') in 0.177039 seconds
  Import took 0.206146 seconds .

========================================================================
Received Import Request.
  Time since last request: 0.288384 seconds.
  path: Assets/Prefabs/Items/Item Wood Shield.prefab
  artifactKey: Guid(66e9030ce2b9a2b4da882d72d8474499) Importer(815301076,1909f56bfc062723c751e8b465ee728b)
Start importing Assets/Prefabs/Items/Item Wood Shield.prefab using Guid(66e9030ce2b9a2b4da882d72d8474499) Importer(815301076,1909f56bfc062723c751e8b465ee728b)  -> (artifact id: 'b3da33020446e7528d44d065e7a22e69') in 0.078639 seconds
  Import took 0.104949 seconds .

========================================================================
Received Import Request.
  Time since last request: 21.185292 seconds.
  path: Assets/Prefabs/Items/Item Wood Shield.prefab
  artifactKey: Guid(66e9030ce2b9a2b4da882d72d8474499) Importer(815301076,1909f56bfc062723c751e8b465ee728b)
Start importing Assets/Prefabs/Items/Item Wood Shield.prefab using Guid(66e9030ce2b9a2b4da882d72d8474499) Importer(815301076,1909f56bfc062723c751e8b465ee728b)  -> (artifact id: '6547c77344073f34bef3e528f27e7267') in 0.140558 seconds
  Import took 0.169169 seconds .

========================================================================
Received Import Request.
  Time since last request: 20.420246 seconds.
  path: Assets/Prefabs/Items/Item Rectangle Weapon.prefab
  artifactKey: Guid(5070994ea0541ce49837397909248f56) Importer(815301076,1909f56bfc062723c751e8b465ee728b)
Start importing Assets/Prefabs/Items/Item Rectangle Weapon.prefab using Guid(5070994ea0541ce49837397909248f56) Importer(815301076,1909f56bfc062723c751e8b465ee728b)  -> (artifact id: '4d1a0fbec565d19f7e38fb0b230f1488') in 0.133835 seconds
  Import took 0.142759 seconds .

========================================================================
Received Import Request.
  Time since last request: 112.648623 seconds.
  path: Assets/Scripts/Factory&Pooling/ShieldItem.cs
  artifactKey: Guid(be5fa52446b4f7643adba77908b8091d) Importer(815301076,1909f56bfc062723c751e8b465ee728b)
Start importing Assets/Scripts/Factory&Pooling/ShieldItem.cs using Guid(be5fa52446b4f7643adba77908b8091d) Importer(815301076,1909f56bfc062723c751e8b465ee728b)  -> (artifact id: '88b018967015ea5df433939f27ac35c2') in 0.199930 seconds
  Import took 0.270659 seconds .

========================================================================
Received Prepare
Registering precompiled user dll's ...
Registered in 0.034242 seconds.
Begin MonoManager ReloadAssembly
Native extension for Lumin target not found
Native extension for WindowsStandalone target not found
Native extension for WebGL target not found
Refreshing native plugins compatible for Editor in 0.89 ms, found 1 plugins.
Preloading 0 native plugins for Editor in 0.00 ms.
Invoked RoslynAnalysisRunner static constructor.
RoslynAnalysisRunner will not be running.
RoslynAnalysisRunner has terminated.
Mono: successfully reloaded assembly
- Completed reload, in  3.154 seconds
Platform modules already initialized, skipping
Refreshing native plugins compatible for Editor in 1.30 ms, found 1 plugins.
Preloading 0 native plugins for Editor in 0.00 ms.
Unloading 1806 Unused Serialized files (Serialized files now loaded: 0)
System memory in use before: 88.2 MB.
System memory in use after: 88.1 MB.

Unloading 14 unused Assets to reduce memory usage. Loaded Objects now: 2317.
Total: 5.318800 ms (FindLiveObjects: 0.573400 ms CreateObjectMapping: 0.106900 ms MarkObjects: 4.302200 ms  DeleteObjects: 0.332700 ms)

