Using pre-set license
Built from '2020.3/staging' branch; Version is '2020.3.0f1 (c7b5465681fb) revision 13088070'; Using compiler version '192528614'; Build Type 'Release'
OS: 'Windows 10 Home Single Language; OS build 19042.867; Version 2009; 64bit' Language: 'es' Physical Memory: 3182 MB
BatchMode: 1, IsHumanControllingUs: 0, StartBugReporterOnCrash: 0, Is64bit: 1, IsPro: 0

 COMMAND LINE ARGUMENTS:
C:\Users\alane\2020.3.0f1\Editor\Unity.exe
-adb2
-batchMode
-noUpm
-name
AssetImportWorker2
-projectPath
C:/Users/alane/Desktop/BloquesHecho18/BloquesHecho18/Bloques
-logFile
Logs/AssetImportWorker2.log
-srvPort
64649
Successfully changed project path to: C:/Users/alane/Desktop/BloquesHecho18/BloquesHecho18/Bloques
C:/Users/alane/Desktop/BloquesHecho18/BloquesHecho18/Bloques
Using Asset Import Pipeline V2.
Refreshing native plugins compatible for Editor in 45.01 ms, found 0 plugins.
Preloading 0 native plugins for Editor in 0.00 ms.
Initialize engine version: 2020.3.0f1 (c7b5465681fb)
[Subsystems] Discovering subsystems at path C:/Users/alane/2020.3.0f1/Editor/Data/Resources/UnitySubsystems
[Subsystems] Discovering subsystems at path C:/Users/alane/Desktop/BloquesHecho18/BloquesHecho18/Bloques/Assets
GfxDevice: creating device client; threaded=0
Direct3D:
    Version:  Direct3D 11.0 [level 11.1]
    Renderer: AMD Radeon(TM) R4 Graphics (ID=0x98e4)
    Vendor:   
    VRAM:     1591 MB
    Driver:   27.20.1032.2
Initialize mono
Mono path[0] = 'C:/Users/alane/2020.3.0f1/Editor/Data/Managed'
Mono path[1] = 'C:/Users/alane/2020.3.0f1/Editor/Data/MonoBleedingEdge/lib/mono/unityjit'
Mono config path = 'C:/Users/alane/2020.3.0f1/Editor/Data/MonoBleedingEdge/etc'
Using monoOptions --debugger-agent=transport=dt_socket,embedding=1,server=y,suspend=n,address=127.0.0.1:56608
Begin MonoManager ReloadAssembly
Registering precompiled unity dll's ...
Register platform support module: C:/Users/alane/2020.3.0f1/Editor/Data/PlaybackEngines/WebGLSupport/UnityEditor.WebGL.Extensions.dll
Register platform support module: C:/Users/alane/2020.3.0f1/Editor/Data/PlaybackEngines/WindowsStandaloneSupport/UnityEditor.WindowsStandalone.Extensions.dll
Register platform support module: C:/Users/alane/2020.3.0f1/Editor/Data/PlaybackEngines/LuminSupport/UnityEditor.Lumin.Extensions.dll
Registered in 0.006924 seconds.
Native extension for Lumin target not found
Native extension for WindowsStandalone target not found
Native extension for WebGL target not found
Refreshing native plugins compatible for Editor in 54.84 ms, found 0 plugins.
Preloading 0 native plugins for Editor in 0.00 ms.
Invoked RoslynAnalysisRunner static constructor.
RoslynAnalysisRunner will not be running.
RoslynAnalysisRunner has terminated.
Mono: successfully reloaded assembly
- Completed reload, in  7.314 seconds
Platform modules already initialized, skipping
Registering precompiled user dll's ...
Registered in 0.002125 seconds.
Begin MonoManager ReloadAssembly
Native extension for Lumin target not found
Native extension for WindowsStandalone target not found
Native extension for WebGL target not found
Refreshing native plugins compatible for Editor in 0.50 ms, found 0 plugins.
Preloading 0 native plugins for Editor in 0.00 ms.
Invoked RoslynAnalysisRunner static constructor.
RoslynAnalysisRunner will not be running.
RoslynAnalysisRunner has terminated.
Mono: successfully reloaded assembly
- Completed reload, in  3.241 seconds
Platform modules already initialized, skipping
========================================================================
Worker process is ready to serve import requests
Launched and connected shader compiler UnityShaderCompiler.exe after 0.69 seconds
Refreshing native plugins compatible for Editor in 0.60 ms, found 0 plugins.
Preloading 0 native plugins for Editor in 0.00 ms.
Unloading 1125 Unused Serialized files (Serialized files now loaded: 0)
System memory in use before: 57.7 MB.
System memory in use after: 57.8 MB.

Unloading 9 unused Assets to reduce memory usage. Loaded Objects now: 1572.
Total: 4.892000 ms (FindLiveObjects: 1.077900 ms CreateObjectMapping: 0.135200 ms MarkObjects: 3.538100 ms  DeleteObjects: 0.138200 ms)

========================================================================
Received Import Request.
  path: Assets/Materiales/Rojo.mat
  artifactKey: Guid(d2375daeb39fd9f458b0066b5b595a15) Importer(815301076,1909f56bfc062723c751e8b465ee728b)
Start importing Assets/Materiales/Rojo.mat using Guid(d2375daeb39fd9f458b0066b5b595a15) Importer(815301076,1909f56bfc062723c751e8b465ee728b)  -> (artifact id: '4f0528dc1f233d6b4be176187f2d3066') in 2.935256 seconds
  Import took 3.087172 seconds .

========================================================================
Received Import Request.
  Time since last request: 0.029989 seconds.
  path: Assets/Escenas/Portada/LightmapSnapshot.asset
  artifactKey: Guid(03ef08b2f93adf140b3e33672247c940) Importer(815301076,1909f56bfc062723c751e8b465ee728b)
Start importing Assets/Escenas/Portada/LightmapSnapshot.asset using Guid(03ef08b2f93adf140b3e33672247c940) Importer(815301076,1909f56bfc062723c751e8b465ee728b) Lighting data asset ‘LightmapSnapshot’ is incompatible with the current Unity version. Please use Generate Lighting to rebuild the lighting data.  Realtime Global Illumination cannot be used until the lighting data is rebuilt.

 -> (artifact id: 'e4a5aba65c7dc8b8413089440ff82fdf') in 0.125700 seconds
  Import took 0.467868 seconds .

========================================================================
Received Import Request.
  Time since last request: 0.000524 seconds.
  path: Assets/Materiales/Rosa.mat
  artifactKey: Guid(f6054023c5a944840b141c445ec53250) Importer(815301076,1909f56bfc062723c751e8b465ee728b)
Start importing Assets/Materiales/Rosa.mat using Guid(f6054023c5a944840b141c445ec53250) Importer(815301076,1909f56bfc062723c751e8b465ee728b)  -> (artifact id: '02fae43db587ecdccd08b16d7992e048') in 0.302081 seconds
  Import took 0.324980 seconds .

========================================================================
Received Import Request.
  Time since last request: 0.000351 seconds.
  path: Assets/Materiales/Verde.mat
  artifactKey: Guid(70b65c0c86cf32d479e4ca491f34a47b) Importer(815301076,1909f56bfc062723c751e8b465ee728b)
Start importing Assets/Materiales/Verde.mat using Guid(70b65c0c86cf32d479e4ca491f34a47b) Importer(815301076,1909f56bfc062723c751e8b465ee728b)  -> (artifact id: '68b3224410b74a994ae8209550afb4b8') in 0.133281 seconds
  Import took 0.203864 seconds .

========================================================================
Received Import Request.
  Time since last request: 0.000440 seconds.
  path: Assets/Escenas/Portada/ReflectionProbe-0.exr
  artifactKey: Guid(42e5dc830ea4980488fd75a4bc54d3ec) Importer(815301076,1909f56bfc062723c751e8b465ee728b)
Start importing Assets/Escenas/Portada/ReflectionProbe-0.exr using Guid(42e5dc830ea4980488fd75a4bc54d3ec) Importer(815301076,1909f56bfc062723c751e8b465ee728b)  -> (artifact id: 'e6e6b808aab5be4001a597750de15fe9') in 2.587273 seconds
  Import took 2.876635 seconds .

========================================================================
Received Import Request.
  Time since last request: 0.093721 seconds.
  path: Assets/Materiales/Rebotar.physicMaterial
  artifactKey: Guid(293b4ac7d381772489b9c17e6ad755a3) Importer(815301076,1909f56bfc062723c751e8b465ee728b)
Start importing Assets/Materiales/Rebotar.physicMaterial using Guid(293b4ac7d381772489b9c17e6ad755a3) Importer(815301076,1909f56bfc062723c751e8b465ee728b)  -> (artifact id: '3adddc39e80f27688ccca39aa040c892') in 0.046400 seconds
  Import took 0.128408 seconds .

========================================================================
Received Import Request.
  Time since last request: 0.000370 seconds.
  path: Assets/Materiales/Amarillo.mat
  artifactKey: Guid(f325081022d0dce4daad70e042946902) Importer(815301076,1909f56bfc062723c751e8b465ee728b)
Start importing Assets/Materiales/Amarillo.mat using Guid(f325081022d0dce4daad70e042946902) Importer(815301076,1909f56bfc062723c751e8b465ee728b)  -> (artifact id: 'bd9785c526f6ab6773274ec87afa3851') in 0.128631 seconds
  Import took 0.153035 seconds .

========================================================================
Received Import Request.
  Time since last request: 0.000469 seconds.
  path: Assets/Materiales/Agua.mat
  artifactKey: Guid(a5322aab8e3340042a42becb4c01f374) Importer(815301076,1909f56bfc062723c751e8b465ee728b)
Start importing Assets/Materiales/Agua.mat using Guid(a5322aab8e3340042a42becb4c01f374) Importer(815301076,1909f56bfc062723c751e8b465ee728b)  -> (artifact id: 'fb0af1b0e9a788d6cc37b844e8407b38') in 0.172400 seconds
  Import took 0.176937 seconds .

========================================================================
Received Import Request.
  Time since last request: 0.000362 seconds.
  path: Assets/Materiales/Azul.mat
  artifactKey: Guid(199c502540e3b364ea8f66620cd2ad89) Importer(815301076,1909f56bfc062723c751e8b465ee728b)
Start importing Assets/Materiales/Azul.mat using Guid(199c502540e3b364ea8f66620cd2ad89) Importer(815301076,1909f56bfc062723c751e8b465ee728b)  -> (artifact id: '75390dcd50adafad27dd7603a359f728') in 0.197006 seconds
  Import took 0.205085 seconds .

========================================================================
Received Import Request.
  Time since last request: 0.000633 seconds.
  path: Assets/Materiales/AzulOscuro.mat
  artifactKey: Guid(f1c318ac7813e4049816731f9b2f7a3d) Importer(815301076,1909f56bfc062723c751e8b465ee728b)
Start importing Assets/Materiales/AzulOscuro.mat using Guid(f1c318ac7813e4049816731f9b2f7a3d) Importer(815301076,1909f56bfc062723c751e8b465ee728b)  -> (artifact id: '844f2ba26678899a036f0bba437eed7e') in 0.133181 seconds
  Import took 0.164977 seconds .

========================================================================
Received Import Request.
  Time since last request: 177.608763 seconds.
  path: Assets/Escenas/Nivel01.unity
  artifactKey: Guid(48aee1a30b50094498ed0b0b69b45de4) Importer(815301076,1909f56bfc062723c751e8b465ee728b)
Start importing Assets/Escenas/Nivel01.unity using Guid(48aee1a30b50094498ed0b0b69b45de4) Importer(815301076,1909f56bfc062723c751e8b465ee728b)  -> (artifact id: '8194d2d8e0cb93374496e273c5da6d4f') in 0.054972 seconds
  Import took 0.085243 seconds .

========================================================================
Received Import Request.
  Time since last request: 2041.769673 seconds.
  path: Assets/Sprites/BotonIzquierda.png
  artifactKey: Guid(ac5afaf60e39bda4e9d03cd8900150ba) Importer(815301076,1909f56bfc062723c751e8b465ee728b)
Start importing Assets/Sprites/BotonIzquierda.png using Guid(ac5afaf60e39bda4e9d03cd8900150ba) Importer(815301076,1909f56bfc062723c751e8b465ee728b)  -> (artifact id: 'a0f66ff8d58ddc8d5d212bc0057d2436') in 15.624190 seconds
  Import took 16.162434 seconds .

========================================================================
Received Import Request.
  Time since last request: 0.018800 seconds.
  path: Assets/Sprites/Icono.png
  artifactKey: Guid(c64d1f28dde8fdd49a2d38281e585270) Importer(815301076,1909f56bfc062723c751e8b465ee728b)
Start importing Assets/Sprites/Icono.png using Guid(c64d1f28dde8fdd49a2d38281e585270) Importer(815301076,1909f56bfc062723c751e8b465ee728b)  -> (artifact id: '5d4d4f03412facf6fb8febfa122f2ee0') in 0.436323 seconds
  Import took 0.469620 seconds .

========================================================================
Received Import Request.
  Time since last request: 0.014506 seconds.
  path: Assets/Codigo/ElementoInteractivo.cs
  artifactKey: Guid(9f8020b4e9675fd45a9de55bc5935ffd) Importer(815301076,1909f56bfc062723c751e8b465ee728b)
Start importing Assets/Codigo/ElementoInteractivo.cs using Guid(9f8020b4e9675fd45a9de55bc5935ffd) Importer(815301076,1909f56bfc062723c751e8b465ee728b)  -> (artifact id: '5d8044e8ba0c41f2d3c620ce2a7a7855') in 0.102019 seconds
  Import took 0.109764 seconds .

========================================================================
Received Import Request.
  Time since last request: 4.867501 seconds.
  path: Assets/Codigo/Barra.cs
  artifactKey: Guid(3b8326efce8b8214eaf779584f1a003b) Importer(815301076,1909f56bfc062723c751e8b465ee728b)
Start importing Assets/Codigo/Barra.cs using Guid(3b8326efce8b8214eaf779584f1a003b) Importer(815301076,1909f56bfc062723c751e8b465ee728b)  -> (artifact id: '983af2835298fcc7e4124e39a74a9b95') in 0.074447 seconds
  Import took 0.119999 seconds .

========================================================================
Received Import Request.
  Time since last request: 0.046179 seconds.
  path: Assets/Codigo/Barra.cs
  artifactKey: Guid(3b8326efce8b8214eaf779584f1a003b) Importer(815301076,1909f56bfc062723c751e8b465ee728b)
Start importing Assets/Codigo/Barra.cs using Guid(3b8326efce8b8214eaf779584f1a003b) Importer(815301076,1909f56bfc062723c751e8b465ee728b)  -> (artifact id: '983af2835298fcc7e4124e39a74a9b95') in 0.029831 seconds
  Import took 0.051313 seconds .

